<?xml version="1.0" encoding="UTF-8"?>
<testng-results ignored="0" total="2" passed="2" failed="0" skipped="0">
  <reporter-output>
  </reporter-output>
  <suite started-at="2019-10-24T07:22:12Z" name="Default suite" finished-at="2019-10-24T07:22:27Z" duration-ms="15299">
    <groups>
    </groups>
    <test started-at="2019-10-24T07:22:12Z" name="Default test" finished-at="2019-10-24T07:22:27Z" duration-ms="15299">
      <class name="testpackages.Orangehrm2">
        <test-method is-config="true" signature="Setuptest()[pri:0, instance:testpackages.Orangehrm2@5552768b]" started-at="2019-10-24T07:22:12Z" name="Setuptest" finished-at="2019-10-24T07:22:24Z" duration-ms="12033" status="PASS">
          <reporter-output>
          </reporter-output>
        </test-method> <!-- Setuptest -->
        <test-method signature="Orangehrm()[pri:0, instance:testpackages.Orangehrm2@5552768b]" started-at="2019-10-24T07:22:24Z" name="Orangehrm" finished-at="2019-10-24T07:22:26Z" duration-ms="2406" status="PASS">
          <reporter-output>
          </reporter-output>
        </test-method> <!-- Orangehrm -->
        <test-method signature="loginpage()[pri:0, instance:testpackages.Orangehrm2@5552768b]" started-at="2019-10-24T07:22:27Z" name="loginpage" finished-at="2019-10-24T07:22:27Z" duration-ms="783" status="PASS">
          <reporter-output>
          </reporter-output>
        </test-method> <!-- loginpage -->
      </class> <!-- testpackages.Orangehrm2 -->
    </test> <!-- Default test -->
  </suite> <!-- Default suite -->
</testng-results>
